<?xml version="1.0" encoding="UTF-8"?>
<!-- Generated by org.testng.reporters.JUnitReportReporter -->
<testsuite hostname="409147" name="site.ycsb.TestUtils" tests="6" failures="0" timestamp="8 Jul 2020 03:04:56 GMT" time="0.002" errors="0">
  <testcase name="bytesToLongTooShort" time="0.000" classname="site.ycsb.TestUtils"/>
  <testcase name="bytesToDoubleTooShort" time="0.000" classname="site.ycsb.TestUtils"/>
  <testcase name="jvmUtils" time="0.002" classname="site.ycsb.TestUtils"/>
  <testcase name="bytesToLongNull" time="0.000" classname="site.ycsb.TestUtils"/>
  <testcase name="bytesToFromLong" time="0.000" classname="site.ycsb.TestUtils"/>
  <testcase name="bytesToFromDouble" time="0.000" classname="site.ycsb.TestUtils"/>
</testsuite>
