<?xml version="1.0" encoding="UTF-8"?>
<!-- Generated by org.testng.reporters.JUnitReportReporter -->
<testsuite hostname="409147" name="site.ycsb.workloads.TestTimeSeriesWorkload" tests="13" failures="0" timestamp="8 Jul 2020 03:04:56 GMT" time="0.020" errors="0">
  <testcase name="insertTwoKeysTwoThreads" time="0.001" classname="site.ycsb.workloads.TestTimeSeriesWorkload"/>
  <testcase name="failedToInitWorkloadBeforeThreadInit" time="0.000" classname="site.ycsb.workloads.TestTimeSeriesWorkload"/>
  <testcase name="insertOneKeyTwoTagsLowCardinality" time="0.001" classname="site.ycsb.workloads.TestTimeSeriesWorkload"/>
  <testcase name="insertTwoKeysTwoTagsLowCardinality" time="0.001" classname="site.ycsb.workloads.TestTimeSeriesWorkload"/>
  <testcase name="verifyRow" time="0.008" classname="site.ycsb.workloads.TestTimeSeriesWorkload"/>
  <testcase name="read" time="0.000" classname="site.ycsb.workloads.TestTimeSeriesWorkload"/>
  <testcase name="validateSettingsDataIntegrity" time="0.001" classname="site.ycsb.workloads.TestTimeSeriesWorkload"/>
  <testcase name="insertWithValidation" time="0.002" classname="site.ycsb.workloads.TestTimeSeriesWorkload"/>
  <testcase name="insertThreeKeysTwoThreads" time="0.001" classname="site.ycsb.workloads.TestTimeSeriesWorkload"/>
  <testcase name="failedToInitThread" time="0.001" classname="site.ycsb.workloads.TestTimeSeriesWorkload"/>
  <testcase name="insertOneKeyOneTagCardinalityOne" time="0.002" classname="site.ycsb.workloads.TestTimeSeriesWorkload"/>
  <testcase name="twoThreads" time="0.001" classname="site.ycsb.workloads.TestTimeSeriesWorkload"/>
  <testcase name="badTimeUnit" time="0.001" classname="site.ycsb.workloads.TestTimeSeriesWorkload"/>
</testsuite>
