<html>
<head>
<title>TestNG:  Command line test</title>
<link href="../testng.css" rel="stylesheet" type="text/css" />
<link href="../my-testng.css" rel="stylesheet" type="text/css" />

<style type="text/css">
.log { display: none;} 
.stack-trace { display: none;} 
</style>
<script type="text/javascript">
<!--
function flip(e) {
  current = e.style.display;
  if (current == 'block') {
    e.style.display = 'none';
    return 0;
  }
  else {
    e.style.display = 'block';
    return 1;
  }
}

function toggleBox(szDivId, elem, msg1, msg2)
{
  var res = -1;  if (document.getElementById) {
    res = flip(document.getElementById(szDivId));
  }
  else if (document.all) {
    // this is the way old msie versions work
    res = flip(document.all[szDivId]);
  }
  if(elem) {
    if(res == 0) elem.innerHTML = msg1; else elem.innerHTML = msg2;
  }

}

function toggleAllBoxes() {
  if (document.getElementsByTagName) {
    d = document.getElementsByTagName('div');
    for (i = 0; i < d.length; i++) {
      if (d[i].className == 'log') {
        flip(d[i]);
      }
    }
  }
}

// -->
</script>

</head>
<body>
<h2 align='center'>Command line test</h2><table border='1' align="center">
<tr>
<td>Tests passed/Failed/Skipped:</td><td>41/0/0</td>
</tr><tr>
<td>Started on:</td><td>Wed Jul 08 11:04:56 CST 2020</td>
</tr>
<tr><td>Total time:</td><td>0 seconds (734 ms)</td>
</tr><tr>
<td>Included groups:</td><td></td>
</tr><tr>
<td>Excluded groups:</td><td></td>
</tr>
</table><p/>
<small><i>(Hover the method name to see the test class name)</i></small><p/>
<table width='100%' border='1' class='invocation-passed'>
<tr><td colspan='4' align='center'><b>PASSED TESTS</b></td></tr>
<tr><td><b>Test method</b></td>
<td width="30%"><b>Exception</b></td>
<td width="10%"><b>Time (seconds)</b></td>
<td><b>Instance</b></td>
</tr>
<tr>
<td title='site.ycsb.workloads.TestTimeSeriesWorkload.badTimeUnit()'><b>badTimeUnit</b><br>Test class: site.ycsb.workloads.TestTimeSeriesWorkload</td>
<td><div><pre>site.ycsb.WorkloadException: Unknown time unit type
	at site.ycsb.workloads.TimeSeriesWorkload.init(TimeSeriesWorkload.java:625)
	at site.ycsb.workloads.TestTimeSeriesWorkload.getWorkload(TestTimeSeriesWorkload.java:512)
	at site.ycsb.workloads.TestTimeSeriesWorkload.badTimeUnit(TestTimeSeriesWorkload.java:109)
	at org.apache.maven.surefire.testng.TestNGExecutor.run(TestNGExecutor.java:77)
	at org.apache.maven.surefire.testng.TestNGDirectoryTestSuite.executeMulti(TestNGDirectoryTestSuite.java:159)
	at org.apache.maven.surefire.testng.TestNGDirectoryTestSuite.execute(TestNGDirectoryTestSuite.java:99)
	at org.apache.maven.surefire.testng.TestNGProvider.invoke(TestNGProvider.java:106)
	at org.apache.maven.surefire.util.ReflectionUtils.invokeMethodWithArray(ReflectionUtils.java:189)
	at org.apache.maven.surefire.booter.ProviderFactory$ProviderProxy.invoke(ProviderFactory.java:165)
	at org.apache.maven.surefire.booter.ProviderFactory.invokeProvider(ProviderFactory.java:85)
	at org.apache.maven.surefire.booter.ForkedBooter.runSuitesInProcess(ForkedBooter.java:115)
	at org.apache.maven.surefire.booter.ForkedBooter.main(ForkedBooter.java:75)
Caused by: java.lang.IllegalArgumentException: No enum constant java.util.concurrent.TimeUnit.FOOBAR
	at java.lang.Enum.valueOf(Enum.java:238)
	at java.util.concurrent.TimeUnit.valueOf(TimeUnit.java:71)
	at site.ycsb.workloads.TimeSeriesWorkload.init(TimeSeriesWorkload.java:622)
	... 37 more
... Removed 26 stack frames</pre></div><a href='#' onClick='toggleBox("stack-trace1338841523", this, "Click to show all stack frames", "Click to hide stack frames")'>Click to show all stack frames</a>
<div class='stack-trace' id='stack-trace1338841523'><pre>site.ycsb.WorkloadException: Unknown time unit type
	at site.ycsb.workloads.TimeSeriesWorkload.init(TimeSeriesWorkload.java:625)
	at site.ycsb.workloads.TestTimeSeriesWorkload.getWorkload(TestTimeSeriesWorkload.java:512)
	at site.ycsb.workloads.TestTimeSeriesWorkload.badTimeUnit(TestTimeSeriesWorkload.java:109)
	at sun.reflect.NativeMethodAccessorImpl.invoke0(Native Method)
	at sun.reflect.NativeMethodAccessorImpl.invoke(NativeMethodAccessorImpl.java:62)
	at sun.reflect.DelegatingMethodAccessorImpl.invoke(DelegatingMethodAccessorImpl.java:43)
	at java.lang.reflect.Method.invoke(Method.java:498)
	at org.testng.internal.MethodInvocationHelper.invokeMethod(MethodInvocationHelper.java:80)
	at org.testng.internal.Invoker.invokeMethod(Invoker.java:673)
	at org.testng.internal.Invoker.invokeTestMethod(Invoker.java:842)
	at org.testng.internal.Invoker.invokeTestMethods(Invoker.java:1166)
	at org.testng.internal.TestMethodWorker.invokeTestMethods(TestMethodWorker.java:125)
	at org.testng.internal.TestMethodWorker.run(TestMethodWorker.java:109)
	at org.testng.TestRunner.runWorkers(TestRunner.java:1178)
	at org.testng.TestRunner.privateRun(TestRunner.java:757)
	at org.testng.TestRunner.run(TestRunner.java:608)
	at org.testng.SuiteRunner.runTest(SuiteRunner.java:334)
	at org.testng.SuiteRunner.runSequentially(SuiteRunner.java:329)
	at org.testng.SuiteRunner.privateRun(SuiteRunner.java:291)
	at org.testng.SuiteRunner.run(SuiteRunner.java:240)
	at org.testng.SuiteRunnerWorker.runSuite(SuiteRunnerWorker.java:52)
	at org.testng.SuiteRunnerWorker.run(SuiteRunnerWorker.java:86)
	at org.testng.TestNG.runSuitesSequentially(TestNG.java:1158)
	at org.testng.TestNG.runSuitesLocally(TestNG.java:1083)
	at org.testng.TestNG.run(TestNG.java:999)
	at org.apache.maven.surefire.testng.TestNGExecutor.run(TestNGExecutor.java:77)
	at org.apache.maven.surefire.testng.TestNGDirectoryTestSuite.executeMulti(TestNGDirectoryTestSuite.java:159)
	at org.apache.maven.surefire.testng.TestNGDirectoryTestSuite.execute(TestNGDirectoryTestSuite.java:99)
	at org.apache.maven.surefire.testng.TestNGProvider.invoke(TestNGProvider.java:106)
	at sun.reflect.NativeMethodAccessorImpl.invoke0(Native Method)
	at sun.reflect.NativeMethodAccessorImpl.invoke(NativeMethodAccessorImpl.java:62)
	at sun.reflect.DelegatingMethodAccessorImpl.invoke(DelegatingMethodAccessorImpl.java:43)
	at java.lang.reflect.Method.invoke(Method.java:498)
	at org.apache.maven.surefire.util.ReflectionUtils.invokeMethodWithArray(ReflectionUtils.java:189)
	at org.apache.maven.surefire.booter.ProviderFactory$ProviderProxy.invoke(ProviderFactory.java:165)
	at org.apache.maven.surefire.booter.ProviderFactory.invokeProvider(ProviderFactory.java:85)
	at org.apache.maven.surefire.booter.ForkedBooter.runSuitesInProcess(ForkedBooter.java:115)
	at org.apache.maven.surefire.booter.ForkedBooter.main(ForkedBooter.java:75)
Caused by: java.lang.IllegalArgumentException: No enum constant java.util.concurrent.TimeUnit.FOOBAR
	at java.lang.Enum.valueOf(Enum.java:238)
	at java.util.concurrent.TimeUnit.valueOf(TimeUnit.java:71)
	at site.ycsb.workloads.TimeSeriesWorkload.init(TimeSeriesWorkload.java:622)
	... 37 more
</pre></div></td>
<td>0</td>
<td>site.ycsb.workloads.TestTimeSeriesWorkload@1d251891</td></tr>
<tr>
<td title='site.ycsb.TestUtils.bytesToDoubleTooShort()'><b>bytesToDoubleTooShort</b><br>Test class: site.ycsb.TestUtils</td>
<td><div><pre>java.lang.IllegalArgumentException: Byte array must be 8 bytes wide.
	at site.ycsb.Utils.bytesToDouble(Utils.java:114)
	at site.ycsb.TestUtils.bytesToDoubleTooShort(TestUtils.java:99)
	at org.apache.maven.surefire.testng.TestNGExecutor.run(TestNGExecutor.java:77)
	at org.apache.maven.surefire.testng.TestNGDirectoryTestSuite.executeMulti(TestNGDirectoryTestSuite.java:159)
	at org.apache.maven.surefire.testng.TestNGDirectoryTestSuite.execute(TestNGDirectoryTestSuite.java:99)
	at org.apache.maven.surefire.testng.TestNGProvider.invoke(TestNGProvider.java:106)
	at org.apache.maven.surefire.util.ReflectionUtils.invokeMethodWithArray(ReflectionUtils.java:189)
	at org.apache.maven.surefire.booter.ProviderFactory$ProviderProxy.invoke(ProviderFactory.java:165)
	at org.apache.maven.surefire.booter.ProviderFactory.invokeProvider(ProviderFactory.java:85)
	at org.apache.maven.surefire.booter.ForkedBooter.runSuitesInProcess(ForkedBooter.java:115)
	at org.apache.maven.surefire.booter.ForkedBooter.main(ForkedBooter.java:75)
... Removed 26 stack frames</pre></div><a href='#' onClick='toggleBox("stack-trace1286783232", this, "Click to show all stack frames", "Click to hide stack frames")'>Click to show all stack frames</a>
<div class='stack-trace' id='stack-trace1286783232'><pre>java.lang.IllegalArgumentException: Byte array must be 8 bytes wide.
	at site.ycsb.Utils.bytesToDouble(Utils.java:114)
	at site.ycsb.TestUtils.bytesToDoubleTooShort(TestUtils.java:99)
	at sun.reflect.NativeMethodAccessorImpl.invoke0(Native Method)
	at sun.reflect.NativeMethodAccessorImpl.invoke(NativeMethodAccessorImpl.java:62)
	at sun.reflect.DelegatingMethodAccessorImpl.invoke(DelegatingMethodAccessorImpl.java:43)
	at java.lang.reflect.Method.invoke(Method.java:498)
	at org.testng.internal.MethodInvocationHelper.invokeMethod(MethodInvocationHelper.java:80)
	at org.testng.internal.Invoker.invokeMethod(Invoker.java:673)
	at org.testng.internal.Invoker.invokeTestMethod(Invoker.java:842)
	at org.testng.internal.Invoker.invokeTestMethods(Invoker.java:1166)
	at org.testng.internal.TestMethodWorker.invokeTestMethods(TestMethodWorker.java:125)
	at org.testng.internal.TestMethodWorker.run(TestMethodWorker.java:109)
	at org.testng.TestRunner.runWorkers(TestRunner.java:1178)
	at org.testng.TestRunner.privateRun(TestRunner.java:757)
	at org.testng.TestRunner.run(TestRunner.java:608)
	at org.testng.SuiteRunner.runTest(SuiteRunner.java:334)
	at org.testng.SuiteRunner.runSequentially(SuiteRunner.java:329)
	at org.testng.SuiteRunner.privateRun(SuiteRunner.java:291)
	at org.testng.SuiteRunner.run(SuiteRunner.java:240)
	at org.testng.SuiteRunnerWorker.runSuite(SuiteRunnerWorker.java:52)
	at org.testng.SuiteRunnerWorker.run(SuiteRunnerWorker.java:86)
	at org.testng.TestNG.runSuitesSequentially(TestNG.java:1158)
	at org.testng.TestNG.runSuitesLocally(TestNG.java:1083)
	at org.testng.TestNG.run(TestNG.java:999)
	at org.apache.maven.surefire.testng.TestNGExecutor.run(TestNGExecutor.java:77)
	at org.apache.maven.surefire.testng.TestNGDirectoryTestSuite.executeMulti(TestNGDirectoryTestSuite.java:159)
	at org.apache.maven.surefire.testng.TestNGDirectoryTestSuite.execute(TestNGDirectoryTestSuite.java:99)
	at org.apache.maven.surefire.testng.TestNGProvider.invoke(TestNGProvider.java:106)
	at sun.reflect.NativeMethodAccessorImpl.invoke0(Native Method)
	at sun.reflect.NativeMethodAccessorImpl.invoke(NativeMethodAccessorImpl.java:62)
	at sun.reflect.DelegatingMethodAccessorImpl.invoke(DelegatingMethodAccessorImpl.java:43)
	at java.lang.reflect.Method.invoke(Method.java:498)
	at org.apache.maven.surefire.util.ReflectionUtils.invokeMethodWithArray(ReflectionUtils.java:189)
	at org.apache.maven.surefire.booter.ProviderFactory$ProviderProxy.invoke(ProviderFactory.java:165)
	at org.apache.maven.surefire.booter.ProviderFactory.invokeProvider(ProviderFactory.java:85)
	at org.apache.maven.surefire.booter.ForkedBooter.runSuitesInProcess(ForkedBooter.java:115)
	at org.apache.maven.surefire.booter.ForkedBooter.main(ForkedBooter.java:75)
</pre></div></td>
<td>0</td>
<td>site.ycsb.TestUtils@6bdf28bb</td></tr>
<tr>
<td title='site.ycsb.TestUtils.bytesToFromDouble()'><b>bytesToFromDouble</b><br>Test class: site.ycsb.TestUtils</td>
<td></td>
<td>0</td>
<td>site.ycsb.TestUtils@6bdf28bb</td></tr>
<tr>
<td title='site.ycsb.TestUtils.bytesToFromLong()'><b>bytesToFromLong</b><br>Test class: site.ycsb.TestUtils</td>
<td></td>
<td>0</td>
<td>site.ycsb.TestUtils@6bdf28bb</td></tr>
<tr>
<td title='site.ycsb.TestUtils.bytesToLongNull()'><b>bytesToLongNull</b><br>Test class: site.ycsb.TestUtils</td>
<td><div><pre>java.lang.NullPointerException
	at site.ycsb.Utils.bytesToLong(Utils.java:75)
	at site.ycsb.TestUtils.bytesToLongNull(TestUtils.java:89)
	at org.apache.maven.surefire.testng.TestNGExecutor.run(TestNGExecutor.java:77)
	at org.apache.maven.surefire.testng.TestNGDirectoryTestSuite.executeMulti(TestNGDirectoryTestSuite.java:159)
	at org.apache.maven.surefire.testng.TestNGDirectoryTestSuite.execute(TestNGDirectoryTestSuite.java:99)
	at org.apache.maven.surefire.testng.TestNGProvider.invoke(TestNGProvider.java:106)
	at org.apache.maven.surefire.util.ReflectionUtils.invokeMethodWithArray(ReflectionUtils.java:189)
	at org.apache.maven.surefire.booter.ProviderFactory$ProviderProxy.invoke(ProviderFactory.java:165)
	at org.apache.maven.surefire.booter.ProviderFactory.invokeProvider(ProviderFactory.java:85)
	at org.apache.maven.surefire.booter.ForkedBooter.runSuitesInProcess(ForkedBooter.java:115)
	at org.apache.maven.surefire.booter.ForkedBooter.main(ForkedBooter.java:75)
... Removed 26 stack frames</pre></div><a href='#' onClick='toggleBox("stack-trace2008362258", this, "Click to show all stack frames", "Click to hide stack frames")'>Click to show all stack frames</a>
<div class='stack-trace' id='stack-trace2008362258'><pre>java.lang.NullPointerException
	at site.ycsb.Utils.bytesToLong(Utils.java:75)
	at site.ycsb.TestUtils.bytesToLongNull(TestUtils.java:89)
	at sun.reflect.NativeMethodAccessorImpl.invoke0(Native Method)
	at sun.reflect.NativeMethodAccessorImpl.invoke(NativeMethodAccessorImpl.java:62)
	at sun.reflect.DelegatingMethodAccessorImpl.invoke(DelegatingMethodAccessorImpl.java:43)
	at java.lang.reflect.Method.invoke(Method.java:498)
	at org.testng.internal.MethodInvocationHelper.invokeMethod(MethodInvocationHelper.java:80)
	at org.testng.internal.Invoker.invokeMethod(Invoker.java:673)
	at org.testng.internal.Invoker.invokeTestMethod(Invoker.java:842)
	at org.testng.internal.Invoker.invokeTestMethods(Invoker.java:1166)
	at org.testng.internal.TestMethodWorker.invokeTestMethods(TestMethodWorker.java:125)
	at org.testng.internal.TestMethodWorker.run(TestMethodWorker.java:109)
	at org.testng.TestRunner.runWorkers(TestRunner.java:1178)
	at org.testng.TestRunner.privateRun(TestRunner.java:757)
	at org.testng.TestRunner.run(TestRunner.java:608)
	at org.testng.SuiteRunner.runTest(SuiteRunner.java:334)
	at org.testng.SuiteRunner.runSequentially(SuiteRunner.java:329)
	at org.testng.SuiteRunner.privateRun(SuiteRunner.java:291)
	at org.testng.SuiteRunner.run(SuiteRunner.java:240)
	at org.testng.SuiteRunnerWorker.runSuite(SuiteRunnerWorker.java:52)
	at org.testng.SuiteRunnerWorker.run(SuiteRunnerWorker.java:86)
	at org.testng.TestNG.runSuitesSequentially(TestNG.java:1158)
	at org.testng.TestNG.runSuitesLocally(TestNG.java:1083)
	at org.testng.TestNG.run(TestNG.java:999)
	at org.apache.maven.surefire.testng.TestNGExecutor.run(TestNGExecutor.java:77)
	at org.apache.maven.surefire.testng.TestNGDirectoryTestSuite.executeMulti(TestNGDirectoryTestSuite.java:159)
	at org.apache.maven.surefire.testng.TestNGDirectoryTestSuite.execute(TestNGDirectoryTestSuite.java:99)
	at org.apache.maven.surefire.testng.TestNGProvider.invoke(TestNGProvider.java:106)
	at sun.reflect.NativeMethodAccessorImpl.invoke0(Native Method)
	at sun.reflect.NativeMethodAccessorImpl.invoke(NativeMethodAccessorImpl.java:62)
	at sun.reflect.DelegatingMethodAccessorImpl.invoke(DelegatingMethodAccessorImpl.java:43)
	at java.lang.reflect.Method.invoke(Method.java:498)
	at org.apache.maven.surefire.util.ReflectionUtils.invokeMethodWithArray(ReflectionUtils.java:189)
	at org.apache.maven.surefire.booter.ProviderFactory$ProviderProxy.invoke(ProviderFactory.java:165)
	at org.apache.maven.surefire.booter.ProviderFactory.invokeProvider(ProviderFactory.java:85)
	at org.apache.maven.surefire.booter.ForkedBooter.runSuitesInProcess(ForkedBooter.java:115)
	at org.apache.maven.surefire.booter.ForkedBooter.main(ForkedBooter.java:75)
</pre></div></td>
<td>0</td>
<td>site.ycsb.TestUtils@6bdf28bb</td></tr>
<tr>
<td title='site.ycsb.TestUtils.bytesToLongTooShort()'><b>bytesToLongTooShort</b><br>Test class: site.ycsb.TestUtils</td>
<td><div><pre>java.lang.ArrayIndexOutOfBoundsException: 7
	at site.ycsb.Utils.bytesToLong(Utils.java:75)
	at site.ycsb.TestUtils.bytesToLongTooShort(TestUtils.java:94)
	at org.apache.maven.surefire.testng.TestNGExecutor.run(TestNGExecutor.java:77)
	at org.apache.maven.surefire.testng.TestNGDirectoryTestSuite.executeMulti(TestNGDirectoryTestSuite.java:159)
	at org.apache.maven.surefire.testng.TestNGDirectoryTestSuite.execute(TestNGDirectoryTestSuite.java:99)
	at org.apache.maven.surefire.testng.TestNGProvider.invoke(TestNGProvider.java:106)
	at org.apache.maven.surefire.util.ReflectionUtils.invokeMethodWithArray(ReflectionUtils.java:189)
	at org.apache.maven.surefire.booter.ProviderFactory$ProviderProxy.invoke(ProviderFactory.java:165)
	at org.apache.maven.surefire.booter.ProviderFactory.invokeProvider(ProviderFactory.java:85)
	at org.apache.maven.surefire.booter.ForkedBooter.runSuitesInProcess(ForkedBooter.java:115)
	at org.apache.maven.surefire.booter.ForkedBooter.main(ForkedBooter.java:75)
... Removed 26 stack frames</pre></div><a href='#' onClick='toggleBox("stack-trace760563749", this, "Click to show all stack frames", "Click to hide stack frames")'>Click to show all stack frames</a>
<div class='stack-trace' id='stack-trace760563749'><pre>java.lang.ArrayIndexOutOfBoundsException: 7
	at site.ycsb.Utils.bytesToLong(Utils.java:75)
	at site.ycsb.TestUtils.bytesToLongTooShort(TestUtils.java:94)
	at sun.reflect.NativeMethodAccessorImpl.invoke0(Native Method)
	at sun.reflect.NativeMethodAccessorImpl.invoke(NativeMethodAccessorImpl.java:62)
	at sun.reflect.DelegatingMethodAccessorImpl.invoke(DelegatingMethodAccessorImpl.java:43)
	at java.lang.reflect.Method.invoke(Method.java:498)
	at org.testng.internal.MethodInvocationHelper.invokeMethod(MethodInvocationHelper.java:80)
	at org.testng.internal.Invoker.invokeMethod(Invoker.java:673)
	at org.testng.internal.Invoker.invokeTestMethod(Invoker.java:842)
	at org.testng.internal.Invoker.invokeTestMethods(Invoker.java:1166)
	at org.testng.internal.TestMethodWorker.invokeTestMethods(TestMethodWorker.java:125)
	at org.testng.internal.TestMethodWorker.run(TestMethodWorker.java:109)
	at org.testng.TestRunner.runWorkers(TestRunner.java:1178)
	at org.testng.TestRunner.privateRun(TestRunner.java:757)
	at org.testng.TestRunner.run(TestRunner.java:608)
	at org.testng.SuiteRunner.runTest(SuiteRunner.java:334)
	at org.testng.SuiteRunner.runSequentially(SuiteRunner.java:329)
	at org.testng.SuiteRunner.privateRun(SuiteRunner.java:291)
	at org.testng.SuiteRunner.run(SuiteRunner.java:240)
	at org.testng.SuiteRunnerWorker.runSuite(SuiteRunnerWorker.java:52)
	at org.testng.SuiteRunnerWorker.run(SuiteRunnerWorker.java:86)
	at org.testng.TestNG.runSuitesSequentially(TestNG.java:1158)
	at org.testng.TestNG.runSuitesLocally(TestNG.java:1083)
	at org.testng.TestNG.run(TestNG.java:999)
	at org.apache.maven.surefire.testng.TestNGExecutor.run(TestNGExecutor.java:77)
	at org.apache.maven.surefire.testng.TestNGDirectoryTestSuite.executeMulti(TestNGDirectoryTestSuite.java:159)
	at org.apache.maven.surefire.testng.TestNGDirectoryTestSuite.execute(TestNGDirectoryTestSuite.java:99)
	at org.apache.maven.surefire.testng.TestNGProvider.invoke(TestNGProvider.java:106)
	at sun.reflect.NativeMethodAccessorImpl.invoke0(Native Method)
	at sun.reflect.NativeMethodAccessorImpl.invoke(NativeMethodAccessorImpl.java:62)
	at sun.reflect.DelegatingMethodAccessorImpl.invoke(DelegatingMethodAccessorImpl.java:43)
	at java.lang.reflect.Method.invoke(Method.java:498)
	at org.apache.maven.surefire.util.ReflectionUtils.invokeMethodWithArray(ReflectionUtils.java:189)
	at org.apache.maven.surefire.booter.ProviderFactory$ProviderProxy.invoke(ProviderFactory.java:165)
	at org.apache.maven.surefire.booter.ProviderFactory.invokeProvider(ProviderFactory.java:85)
	at org.apache.maven.surefire.booter.ForkedBooter.runSuitesInProcess(ForkedBooter.java:115)
	at org.apache.maven.surefire.booter.ForkedBooter.main(ForkedBooter.java:75)
</pre></div></td>
<td>0</td>
<td>site.ycsb.TestUtils@6bdf28bb</td></tr>
<tr>
<td title='site.ycsb.workloads.TestCoreWorkload.createOperationChooser()'><b>createOperationChooser</b><br>Test class: site.ycsb.workloads.TestCoreWorkload</td>
<td></td>
<td>0</td>
<td>site.ycsb.workloads.TestCoreWorkload@27f674d</td></tr>
<tr>
<td title='site.ycsb.workloads.TestCoreWorkload.createOperationChooserNullProperties()'><b>createOperationChooserNullProperties</b><br>Test class: site.ycsb.workloads.TestCoreWorkload</td>
<td><div><pre>java.lang.IllegalArgumentException: Properties object cannot be null
	at site.ycsb.workloads.CoreWorkload.createOperationGenerator(CoreWorkload.java:843)
	at site.ycsb.workloads.TestCoreWorkload.createOperationChooserNullProperties(TestCoreWorkload.java:68)
	at org.apache.maven.surefire.testng.TestNGExecutor.run(TestNGExecutor.java:77)
	at org.apache.maven.surefire.testng.TestNGDirectoryTestSuite.executeMulti(TestNGDirectoryTestSuite.java:159)
	at org.apache.maven.surefire.testng.TestNGDirectoryTestSuite.execute(TestNGDirectoryTestSuite.java:99)
	at org.apache.maven.surefire.testng.TestNGProvider.invoke(TestNGProvider.java:106)
	at org.apache.maven.surefire.util.ReflectionUtils.invokeMethodWithArray(ReflectionUtils.java:189)
	at org.apache.maven.surefire.booter.ProviderFactory$ProviderProxy.invoke(ProviderFactory.java:165)
	at org.apache.maven.surefire.booter.ProviderFactory.invokeProvider(ProviderFactory.java:85)
	at org.apache.maven.surefire.booter.ForkedBooter.runSuitesInProcess(ForkedBooter.java:115)
	at org.apache.maven.surefire.booter.ForkedBooter.main(ForkedBooter.java:75)
... Removed 26 stack frames</pre></div><a href='#' onClick='toggleBox("stack-trace1434041222", this, "Click to show all stack frames", "Click to hide stack frames")'>Click to show all stack frames</a>
<div class='stack-trace' id='stack-trace1434041222'><pre>java.lang.IllegalArgumentException: Properties object cannot be null
	at site.ycsb.workloads.CoreWorkload.createOperationGenerator(CoreWorkload.java:843)
	at site.ycsb.workloads.TestCoreWorkload.createOperationChooserNullProperties(TestCoreWorkload.java:68)
	at sun.reflect.NativeMethodAccessorImpl.invoke0(Native Method)
	at sun.reflect.NativeMethodAccessorImpl.invoke(NativeMethodAccessorImpl.java:62)
	at sun.reflect.DelegatingMethodAccessorImpl.invoke(DelegatingMethodAccessorImpl.java:43)
	at java.lang.reflect.Method.invoke(Method.java:498)
	at org.testng.internal.MethodInvocationHelper.invokeMethod(MethodInvocationHelper.java:80)
	at org.testng.internal.Invoker.invokeMethod(Invoker.java:673)
	at org.testng.internal.Invoker.invokeTestMethod(Invoker.java:842)
	at org.testng.internal.Invoker.invokeTestMethods(Invoker.java:1166)
	at org.testng.internal.TestMethodWorker.invokeTestMethods(TestMethodWorker.java:125)
	at org.testng.internal.TestMethodWorker.run(TestMethodWorker.java:109)
	at org.testng.TestRunner.runWorkers(TestRunner.java:1178)
	at org.testng.TestRunner.privateRun(TestRunner.java:757)
	at org.testng.TestRunner.run(TestRunner.java:608)
	at org.testng.SuiteRunner.runTest(SuiteRunner.java:334)
	at org.testng.SuiteRunner.runSequentially(SuiteRunner.java:329)
	at org.testng.SuiteRunner.privateRun(SuiteRunner.java:291)
	at org.testng.SuiteRunner.run(SuiteRunner.java:240)
	at org.testng.SuiteRunnerWorker.runSuite(SuiteRunnerWorker.java:52)
	at org.testng.SuiteRunnerWorker.run(SuiteRunnerWorker.java:86)
	at org.testng.TestNG.runSuitesSequentially(TestNG.java:1158)
	at org.testng.TestNG.runSuitesLocally(TestNG.java:1083)
	at org.testng.TestNG.run(TestNG.java:999)
	at org.apache.maven.surefire.testng.TestNGExecutor.run(TestNGExecutor.java:77)
	at org.apache.maven.surefire.testng.TestNGDirectoryTestSuite.executeMulti(TestNGDirectoryTestSuite.java:159)
	at org.apache.maven.surefire.testng.TestNGDirectoryTestSuite.execute(TestNGDirectoryTestSuite.java:99)
	at org.apache.maven.surefire.testng.TestNGProvider.invoke(TestNGProvider.java:106)
	at sun.reflect.NativeMethodAccessorImpl.invoke0(Native Method)
	at sun.reflect.NativeMethodAccessorImpl.invoke(NativeMethodAccessorImpl.java:62)
	at sun.reflect.DelegatingMethodAccessorImpl.invoke(DelegatingMethodAccessorImpl.java:43)
	at java.lang.reflect.Method.invoke(Method.java:498)
	at org.apache.maven.surefire.util.ReflectionUtils.invokeMethodWithArray(ReflectionUtils.java:189)
	at org.apache.maven.surefire.booter.ProviderFactory$ProviderProxy.invoke(ProviderFactory.java:165)
	at org.apache.maven.surefire.booter.ProviderFactory.invokeProvider(ProviderFactory.java:85)
	at org.apache.maven.surefire.booter.ForkedBooter.runSuitesInProcess(ForkedBooter.java:115)
	at org.apache.maven.surefire.booter.ForkedBooter.main(ForkedBooter.java:75)
</pre></div></td>
<td>0</td>
<td>site.ycsb.workloads.TestCoreWorkload@27f674d</td></tr>
<tr>
<td title='site.ycsb.generator.TestUnixEpochTimestampGenerator.ctorWithIntervalAndUnits()'><b>ctorWithIntervalAndUnits</b><br>Test class: site.ycsb.generator.TestUnixEpochTimestampGenerator</td>
<td></td>
<td>0</td>
<td>site.ycsb.generator.TestUnixEpochTimestampGenerator@1cd072a9</td></tr>
<tr>
<td title='site.ycsb.generator.TestUnixEpochTimestampGenerator.ctorWithIntervalAndUnitsAndStart()'><b>ctorWithIntervalAndUnitsAndStart</b><br>Test class: site.ycsb.generator.TestUnixEpochTimestampGenerator</td>
<td></td>
<td>0</td>
<td>site.ycsb.generator.TestUnixEpochTimestampGenerator@1cd072a9</td></tr>
<tr>
<td title='site.ycsb.generator.TestUnixEpochTimestampGenerator.defaultCtor()'><b>defaultCtor</b><br>Test class: site.ycsb.generator.TestUnixEpochTimestampGenerator</td>
<td></td>
<td>0</td>
<td>site.ycsb.generator.TestUnixEpochTimestampGenerator@1cd072a9</td></tr>
<tr>
<td title='site.ycsb.workloads.TestTimeSeriesWorkload.failedToInitThread()'><b>failedToInitThread</b><br>Test class: site.ycsb.workloads.TestTimeSeriesWorkload</td>
<td><div><pre>java.lang.IllegalStateException: Missing thread state.
	at site.ycsb.workloads.TimeSeriesWorkload.doInsert(TimeSeriesWorkload.java:696)
	at site.ycsb.workloads.TestTimeSeriesWorkload.failedToInitThread(TestTimeSeriesWorkload.java:129)
	at org.apache.maven.surefire.testng.TestNGExecutor.run(TestNGExecutor.java:77)
	at org.apache.maven.surefire.testng.TestNGDirectoryTestSuite.executeMulti(TestNGDirectoryTestSuite.java:159)
	at org.apache.maven.surefire.testng.TestNGDirectoryTestSuite.execute(TestNGDirectoryTestSuite.java:99)
	at org.apache.maven.surefire.testng.TestNGProvider.invoke(TestNGProvider.java:106)
	at org.apache.maven.surefire.util.ReflectionUtils.invokeMethodWithArray(ReflectionUtils.java:189)
	at org.apache.maven.surefire.booter.ProviderFactory$ProviderProxy.invoke(ProviderFactory.java:165)
	at org.apache.maven.surefire.booter.ProviderFactory.invokeProvider(ProviderFactory.java:85)
	at org.apache.maven.surefire.booter.ForkedBooter.runSuitesInProcess(ForkedBooter.java:115)
	at org.apache.maven.surefire.booter.ForkedBooter.main(ForkedBooter.java:75)
... Removed 26 stack frames</pre></div><a href='#' onClick='toggleBox("stack-trace929776179", this, "Click to show all stack frames", "Click to hide stack frames")'>Click to show all stack frames</a>
<div class='stack-trace' id='stack-trace929776179'><pre>java.lang.IllegalStateException: Missing thread state.
	at site.ycsb.workloads.TimeSeriesWorkload.doInsert(TimeSeriesWorkload.java:696)
	at site.ycsb.workloads.TestTimeSeriesWorkload.failedToInitThread(TestTimeSeriesWorkload.java:129)
	at sun.reflect.NativeMethodAccessorImpl.invoke0(Native Method)
	at sun.reflect.NativeMethodAccessorImpl.invoke(NativeMethodAccessorImpl.java:62)
	at sun.reflect.DelegatingMethodAccessorImpl.invoke(DelegatingMethodAccessorImpl.java:43)
	at java.lang.reflect.Method.invoke(Method.java:498)
	at org.testng.internal.MethodInvocationHelper.invokeMethod(MethodInvocationHelper.java:80)
	at org.testng.internal.Invoker.invokeMethod(Invoker.java:673)
	at org.testng.internal.Invoker.invokeTestMethod(Invoker.java:842)
	at org.testng.internal.Invoker.invokeTestMethods(Invoker.java:1166)
	at org.testng.internal.TestMethodWorker.invokeTestMethods(TestMethodWorker.java:125)
	at org.testng.internal.TestMethodWorker.run(TestMethodWorker.java:109)
	at org.testng.TestRunner.runWorkers(TestRunner.java:1178)
	at org.testng.TestRunner.privateRun(TestRunner.java:757)
	at org.testng.TestRunner.run(TestRunner.java:608)
	at org.testng.SuiteRunner.runTest(SuiteRunner.java:334)
	at org.testng.SuiteRunner.runSequentially(SuiteRunner.java:329)
	at org.testng.SuiteRunner.privateRun(SuiteRunner.java:291)
	at org.testng.SuiteRunner.run(SuiteRunner.java:240)
	at org.testng.SuiteRunnerWorker.runSuite(SuiteRunnerWorker.java:52)
	at org.testng.SuiteRunnerWorker.run(SuiteRunnerWorker.java:86)
	at org.testng.TestNG.runSuitesSequentially(TestNG.java:1158)
	at org.testng.TestNG.runSuitesLocally(TestNG.java:1083)
	at org.testng.TestNG.run(TestNG.java:999)
	at org.apache.maven.surefire.testng.TestNGExecutor.run(TestNGExecutor.java:77)
	at org.apache.maven.surefire.testng.TestNGDirectoryTestSuite.executeMulti(TestNGDirectoryTestSuite.java:159)
	at org.apache.maven.surefire.testng.TestNGDirectoryTestSuite.execute(TestNGDirectoryTestSuite.java:99)
	at org.apache.maven.surefire.testng.TestNGProvider.invoke(TestNGProvider.java:106)
	at sun.reflect.NativeMethodAccessorImpl.invoke0(Native Method)
	at sun.reflect.NativeMethodAccessorImpl.invoke(NativeMethodAccessorImpl.java:62)
	at sun.reflect.DelegatingMethodAccessorImpl.invoke(DelegatingMethodAccessorImpl.java:43)
	at java.lang.reflect.Method.invoke(Method.java:498)
	at org.apache.maven.surefire.util.ReflectionUtils.invokeMethodWithArray(ReflectionUtils.java:189)
	at org.apache.maven.surefire.booter.ProviderFactory$ProviderProxy.invoke(ProviderFactory.java:165)
	at org.apache.maven.surefire.booter.ProviderFactory.invokeProvider(ProviderFactory.java:85)
	at org.apache.maven.surefire.booter.ForkedBooter.runSuitesInProcess(ForkedBooter.java:115)
	at org.apache.maven.surefire.booter.ForkedBooter.main(ForkedBooter.java:75)
</pre></div></td>
<td>0</td>
<td>site.ycsb.workloads.TestTimeSeriesWorkload@1d251891</td></tr>
<tr>
<td title='site.ycsb.workloads.TestTimeSeriesWorkload.failedToInitWorkloadBeforeThreadInit()'><b>failedToInitWorkloadBeforeThreadInit</b><br>Test class: site.ycsb.workloads.TestTimeSeriesWorkload</td>
<td><div><pre>site.ycsb.WorkloadException: Workload has not been initialized.
	at site.ycsb.workloads.TimeSeriesWorkload.initThread(TimeSeriesWorkload.java:688)
	at site.ycsb.workloads.TestTimeSeriesWorkload.failedToInitWorkloadBeforeThreadInit(TestTimeSeriesWorkload.java:117)
	at org.apache.maven.surefire.testng.TestNGExecutor.run(TestNGExecutor.java:77)
	at org.apache.maven.surefire.testng.TestNGDirectoryTestSuite.executeMulti(TestNGDirectoryTestSuite.java:159)
	at org.apache.maven.surefire.testng.TestNGDirectoryTestSuite.execute(TestNGDirectoryTestSuite.java:99)
	at org.apache.maven.surefire.testng.TestNGProvider.invoke(TestNGProvider.java:106)
	at org.apache.maven.surefire.util.ReflectionUtils.invokeMethodWithArray(ReflectionUtils.java:189)
	at org.apache.maven.surefire.booter.ProviderFactory$ProviderProxy.invoke(ProviderFactory.java:165)
	at org.apache.maven.surefire.booter.ProviderFactory.invokeProvider(ProviderFactory.java:85)
	at org.apache.maven.surefire.booter.ForkedBooter.runSuitesInProcess(ForkedBooter.java:115)
	at org.apache.maven.surefire.booter.ForkedBooter.main(ForkedBooter.java:75)
... Removed 26 stack frames</pre></div><a href='#' onClick='toggleBox("stack-trace802581203", this, "Click to show all stack frames", "Click to hide stack frames")'>Click to show all stack frames</a>
<div class='stack-trace' id='stack-trace802581203'><pre>site.ycsb.WorkloadException: Workload has not been initialized.
	at site.ycsb.workloads.TimeSeriesWorkload.initThread(TimeSeriesWorkload.java:688)
	at site.ycsb.workloads.TestTimeSeriesWorkload.failedToInitWorkloadBeforeThreadInit(TestTimeSeriesWorkload.java:117)
	at sun.reflect.NativeMethodAccessorImpl.invoke0(Native Method)
	at sun.reflect.NativeMethodAccessorImpl.invoke(NativeMethodAccessorImpl.java:62)
	at sun.reflect.DelegatingMethodAccessorImpl.invoke(DelegatingMethodAccessorImpl.java:43)
	at java.lang.reflect.Method.invoke(Method.java:498)
	at org.testng.internal.MethodInvocationHelper.invokeMethod(MethodInvocationHelper.java:80)
	at org.testng.internal.Invoker.invokeMethod(Invoker.java:673)
	at org.testng.internal.Invoker.invokeTestMethod(Invoker.java:842)
	at org.testng.internal.Invoker.invokeTestMethods(Invoker.java:1166)
	at org.testng.internal.TestMethodWorker.invokeTestMethods(TestMethodWorker.java:125)
	at org.testng.internal.TestMethodWorker.run(TestMethodWorker.java:109)
	at org.testng.TestRunner.runWorkers(TestRunner.java:1178)
	at org.testng.TestRunner.privateRun(TestRunner.java:757)
	at org.testng.TestRunner.run(TestRunner.java:608)
	at org.testng.SuiteRunner.runTest(SuiteRunner.java:334)
	at org.testng.SuiteRunner.runSequentially(SuiteRunner.java:329)
	at org.testng.SuiteRunner.privateRun(SuiteRunner.java:291)
	at org.testng.SuiteRunner.run(SuiteRunner.java:240)
	at org.testng.SuiteRunnerWorker.runSuite(SuiteRunnerWorker.java:52)
	at org.testng.SuiteRunnerWorker.run(SuiteRunnerWorker.java:86)
	at org.testng.TestNG.runSuitesSequentially(TestNG.java:1158)
	at org.testng.TestNG.runSuitesLocally(TestNG.java:1083)
	at org.testng.TestNG.run(TestNG.java:999)
	at org.apache.maven.surefire.testng.TestNGExecutor.run(TestNGExecutor.java:77)
	at org.apache.maven.surefire.testng.TestNGDirectoryTestSuite.executeMulti(TestNGDirectoryTestSuite.java:159)
	at org.apache.maven.surefire.testng.TestNGDirectoryTestSuite.execute(TestNGDirectoryTestSuite.java:99)
	at org.apache.maven.surefire.testng.TestNGProvider.invoke(TestNGProvider.java:106)
	at sun.reflect.NativeMethodAccessorImpl.invoke0(Native Method)
	at sun.reflect.NativeMethodAccessorImpl.invoke(NativeMethodAccessorImpl.java:62)
	at sun.reflect.DelegatingMethodAccessorImpl.invoke(DelegatingMethodAccessorImpl.java:43)
	at java.lang.reflect.Method.invoke(Method.java:498)
	at org.apache.maven.surefire.util.ReflectionUtils.invokeMethodWithArray(ReflectionUtils.java:189)
	at org.apache.maven.surefire.booter.ProviderFactory$ProviderProxy.invoke(ProviderFactory.java:165)
	at org.apache.maven.surefire.booter.ProviderFactory.invokeProvider(ProviderFactory.java:85)
	at org.apache.maven.surefire.booter.ForkedBooter.runSuitesInProcess(ForkedBooter.java:115)
	at org.apache.maven.surefire.booter.ForkedBooter.main(ForkedBooter.java:75)
</pre></div></td>
<td>0</td>
<td>site.ycsb.workloads.TestTimeSeriesWorkload@1d251891</td></tr>
<tr>
<td title='site.ycsb.workloads.TestTimeSeriesWorkload.insertOneKeyOneTagCardinalityOne()'><b>insertOneKeyOneTagCardinalityOne</b><br>Test class: site.ycsb.workloads.TestTimeSeriesWorkload</td>
<td></td>
<td>0</td>
<td>site.ycsb.workloads.TestTimeSeriesWorkload@1d251891</td></tr>
<tr>
<td title='site.ycsb.workloads.TestTimeSeriesWorkload.insertOneKeyTwoTagsLowCardinality()'><b>insertOneKeyTwoTagsLowCardinality</b><br>Test class: site.ycsb.workloads.TestTimeSeriesWorkload</td>
<td></td>
<td>0</td>
<td>site.ycsb.workloads.TestTimeSeriesWorkload@1d251891</td></tr>
<tr>
<td title='site.ycsb.workloads.TestTimeSeriesWorkload.insertThreeKeysTwoThreads()'><b>insertThreeKeysTwoThreads</b><br>Test class: site.ycsb.workloads.TestTimeSeriesWorkload</td>
<td></td>
<td>0</td>
<td>site.ycsb.workloads.TestTimeSeriesWorkload@1d251891</td></tr>
<tr>
<td title='site.ycsb.workloads.TestTimeSeriesWorkload.insertTwoKeysTwoTagsLowCardinality()'><b>insertTwoKeysTwoTagsLowCardinality</b><br>Test class: site.ycsb.workloads.TestTimeSeriesWorkload</td>
<td></td>
<td>0</td>
<td>site.ycsb.workloads.TestTimeSeriesWorkload@1d251891</td></tr>
<tr>
<td title='site.ycsb.workloads.TestTimeSeriesWorkload.insertTwoKeysTwoThreads()'><b>insertTwoKeysTwoThreads</b><br>Test class: site.ycsb.workloads.TestTimeSeriesWorkload</td>
<td></td>
<td>0</td>
<td>site.ycsb.workloads.TestTimeSeriesWorkload@1d251891</td></tr>
<tr>
<td title='site.ycsb.workloads.TestTimeSeriesWorkload.insertWithValidation()'><b>insertWithValidation</b><br>Test class: site.ycsb.workloads.TestTimeSeriesWorkload</td>
<td></td>
<td>0</td>
<td>site.ycsb.workloads.TestTimeSeriesWorkload@1d251891</td></tr>
<tr>
<td title='site.ycsb.generator.TestIncrementingPrintableStringGenerator.invalidCharacterSets()'><b>invalidCharacterSets</b><br>Test class: site.ycsb.generator.TestIncrementingPrintableStringGenerator</td>
<td></td>
<td>0</td>
<td>site.ycsb.generator.TestIncrementingPrintableStringGenerator@2752f6e2</td></tr>
<tr>
<td title='site.ycsb.generator.TestIncrementingPrintableStringGenerator.invalidLengths()'><b>invalidLengths</b><br>Test class: site.ycsb.generator.TestIncrementingPrintableStringGenerator</td>
<td></td>
<td>0</td>
<td>site.ycsb.generator.TestIncrementingPrintableStringGenerator@2752f6e2</td></tr>
<tr>
<td title='site.ycsb.TestUtils.jvmUtils()'><b>jvmUtils</b><br>Test class: site.ycsb.TestUtils</td>
<td></td>
<td>0</td>
<td>site.ycsb.TestUtils@6bdf28bb</td></tr>
<tr>
<td title='site.ycsb.workloads.TestTimeSeriesWorkload.read()'><b>read</b><br>Test class: site.ycsb.workloads.TestTimeSeriesWorkload</td>
<td></td>
<td>0</td>
<td>site.ycsb.workloads.TestTimeSeriesWorkload@1d251891</td></tr>
<tr>
<td title='site.ycsb.generator.TestIncrementingPrintableStringGenerator.rolloverException()'><b>rolloverException</b><br>Test class: site.ycsb.generator.TestIncrementingPrintableStringGenerator</td>
<td></td>
<td>0</td>
<td>site.ycsb.generator.TestIncrementingPrintableStringGenerator@2752f6e2</td></tr>
<tr>
<td title='site.ycsb.generator.TestIncrementingPrintableStringGenerator.rolloverOK()'><b>rolloverOK</b><br>Test class: site.ycsb.generator.TestIncrementingPrintableStringGenerator</td>
<td></td>
<td>0</td>
<td>site.ycsb.generator.TestIncrementingPrintableStringGenerator@2752f6e2</td></tr>
<tr>
<td title='site.ycsb.generator.TestIncrementingPrintableStringGenerator.rolloverOneCharacterException()'><b>rolloverOneCharacterException</b><br>Test class: site.ycsb.generator.TestIncrementingPrintableStringGenerator</td>
<td></td>
<td>0</td>
<td>site.ycsb.generator.TestIncrementingPrintableStringGenerator@2752f6e2</td></tr>
<tr>
<td title='site.ycsb.generator.TestIncrementingPrintableStringGenerator.rolloverOneCharacterOK()'><b>rolloverOneCharacterOK</b><br>Test class: site.ycsb.generator.TestIncrementingPrintableStringGenerator</td>
<td></td>
<td>0</td>
<td>site.ycsb.generator.TestIncrementingPrintableStringGenerator@2752f6e2</td></tr>
<tr>
<td title='site.ycsb.generator.TestRandomDiscreteTimestampGenerator.systemTime()'><b>systemTime</b><br>Test class: site.ycsb.generator.TestRandomDiscreteTimestampGenerator</td>
<td></td>
<td>0</td>
<td>site.ycsb.generator.TestRandomDiscreteTimestampGenerator@e580929</td></tr>
<tr>
<td title='site.ycsb.TestStatus.testAcceptableStatus()'><b>testAcceptableStatus</b><br>Test class: site.ycsb.TestStatus</td>
<td></td>
<td>0</td>
<td>site.ycsb.TestStatus@2d209079</td></tr>
<tr>
<td title='site.ycsb.TestNumericByteIterator.testDouble()'><b>testDouble</b><br>Test class: site.ycsb.TestNumericByteIterator</td>
<td></td>
<td>0</td>
<td>site.ycsb.TestNumericByteIterator@2f7c7260</td></tr>
<tr>
<td title='site.ycsb.generator.AcknowledgedCounterGeneratorTest.testIncrementPastIntegerMaxValue()'><b>testIncrementPastIntegerMaxValue</b><br>Test class: site.ycsb.generator.AcknowledgedCounterGeneratorTest</td>
<td></td>
<td>0</td>
<td>site.ycsb.generator.AcknowledgedCounterGeneratorTest@6b71769e</td></tr>
<tr>
<td title='site.ycsb.measurements.exporter.TestMeasurementsExporter.testJSONArrayMeasurementsExporter()'><b>testJSONArrayMeasurementsExporter</b><br>Test class: site.ycsb.measurements.exporter.TestMeasurementsExporter</td>
<td></td>
<td>0</td>
<td>site.ycsb.measurements.exporter.TestMeasurementsExporter@4c203ea1</td></tr>
<tr>
<td title='site.ycsb.TestNumericByteIterator.testLong()'><b>testLong</b><br>Test class: site.ycsb.TestNumericByteIterator</td>
<td></td>
<td>0</td>
<td>site.ycsb.TestNumericByteIterator@2f7c7260</td></tr>
<tr>
<td title='site.ycsb.generator.TestZipfianGenerator.testMinAndMaxParameter()'><b>testMinAndMaxParameter</b><br>Test class: site.ycsb.generator.TestZipfianGenerator</td>
<td></td>
<td>0</td>
<td>site.ycsb.generator.TestZipfianGenerator@7c75222b</td></tr>
<tr>
<td title='site.ycsb.TestByteIterator.testRandomByteIterator()'><b>testRandomByteIterator</b><br>Test class: site.ycsb.TestByteIterator</td>
<td></td>
<td>0</td>
<td>site.ycsb.TestByteIterator@1b0375b3</td></tr>
<tr>
<td title='site.ycsb.generator.TestRandomDiscreteTimestampGenerator.tooLarge()'><b>tooLarge</b><br>Test class: site.ycsb.generator.TestRandomDiscreteTimestampGenerator</td>
<td><div><pre>java.lang.IllegalArgumentException: Too many intervals for the in-memory array. The limit is 16777216.
	at site.ycsb.generator.RandomDiscreteTimestampGenerator.setup(RandomDiscreteTimestampGenerator.java:99)
	at site.ycsb.generator.RandomDiscreteTimestampGenerator.&lt;init&gt;(RandomDiscreteTimestampGenerator.java:70)
	at site.ycsb.generator.TestRandomDiscreteTimestampGenerator.tooLarge(TestRandomDiscreteTimestampGenerator.java:69)
	at org.apache.maven.surefire.testng.TestNGExecutor.run(TestNGExecutor.java:77)
	at org.apache.maven.surefire.testng.TestNGDirectoryTestSuite.executeMulti(TestNGDirectoryTestSuite.java:159)
	at org.apache.maven.surefire.testng.TestNGDirectoryTestSuite.execute(TestNGDirectoryTestSuite.java:99)
	at org.apache.maven.surefire.testng.TestNGProvider.invoke(TestNGProvider.java:106)
	at org.apache.maven.surefire.util.ReflectionUtils.invokeMethodWithArray(ReflectionUtils.java:189)
	at org.apache.maven.surefire.booter.ProviderFactory$ProviderProxy.invoke(ProviderFactory.java:165)
	at org.apache.maven.surefire.booter.ProviderFactory.invokeProvider(ProviderFactory.java:85)
	at org.apache.maven.surefire.booter.ForkedBooter.runSuitesInProcess(ForkedBooter.java:115)
	at org.apache.maven.surefire.booter.ForkedBooter.main(ForkedBooter.java:75)
... Removed 26 stack frames</pre></div><a href='#' onClick='toggleBox("stack-trace423031029", this, "Click to show all stack frames", "Click to hide stack frames")'>Click to show all stack frames</a>
<div class='stack-trace' id='stack-trace423031029'><pre>java.lang.IllegalArgumentException: Too many intervals for the in-memory array. The limit is 16777216.
	at site.ycsb.generator.RandomDiscreteTimestampGenerator.setup(RandomDiscreteTimestampGenerator.java:99)
	at site.ycsb.generator.RandomDiscreteTimestampGenerator.&lt;init&gt;(RandomDiscreteTimestampGenerator.java:70)
	at site.ycsb.generator.TestRandomDiscreteTimestampGenerator.tooLarge(TestRandomDiscreteTimestampGenerator.java:69)
	at sun.reflect.NativeMethodAccessorImpl.invoke0(Native Method)
	at sun.reflect.NativeMethodAccessorImpl.invoke(NativeMethodAccessorImpl.java:62)
	at sun.reflect.DelegatingMethodAccessorImpl.invoke(DelegatingMethodAccessorImpl.java:43)
	at java.lang.reflect.Method.invoke(Method.java:498)
	at org.testng.internal.MethodInvocationHelper.invokeMethod(MethodInvocationHelper.java:80)
	at org.testng.internal.Invoker.invokeMethod(Invoker.java:673)
	at org.testng.internal.Invoker.invokeTestMethod(Invoker.java:842)
	at org.testng.internal.Invoker.invokeTestMethods(Invoker.java:1166)
	at org.testng.internal.TestMethodWorker.invokeTestMethods(TestMethodWorker.java:125)
	at org.testng.internal.TestMethodWorker.run(TestMethodWorker.java:109)
	at org.testng.TestRunner.runWorkers(TestRunner.java:1178)
	at org.testng.TestRunner.privateRun(TestRunner.java:757)
	at org.testng.TestRunner.run(TestRunner.java:608)
	at org.testng.SuiteRunner.runTest(SuiteRunner.java:334)
	at org.testng.SuiteRunner.runSequentially(SuiteRunner.java:329)
	at org.testng.SuiteRunner.privateRun(SuiteRunner.java:291)
	at org.testng.SuiteRunner.run(SuiteRunner.java:240)
	at org.testng.SuiteRunnerWorker.runSuite(SuiteRunnerWorker.java:52)
	at org.testng.SuiteRunnerWorker.run(SuiteRunnerWorker.java:86)
	at org.testng.TestNG.runSuitesSequentially(TestNG.java:1158)
	at org.testng.TestNG.runSuitesLocally(TestNG.java:1083)
	at org.testng.TestNG.run(TestNG.java:999)
	at org.apache.maven.surefire.testng.TestNGExecutor.run(TestNGExecutor.java:77)
	at org.apache.maven.surefire.testng.TestNGDirectoryTestSuite.executeMulti(TestNGDirectoryTestSuite.java:159)
	at org.apache.maven.surefire.testng.TestNGDirectoryTestSuite.execute(TestNGDirectoryTestSuite.java:99)
	at org.apache.maven.surefire.testng.TestNGProvider.invoke(TestNGProvider.java:106)
	at sun.reflect.NativeMethodAccessorImpl.invoke0(Native Method)
	at sun.reflect.NativeMethodAccessorImpl.invoke(NativeMethodAccessorImpl.java:62)
	at sun.reflect.DelegatingMethodAccessorImpl.invoke(DelegatingMethodAccessorImpl.java:43)
	at java.lang.reflect.Method.invoke(Method.java:498)
	at org.apache.maven.surefire.util.ReflectionUtils.invokeMethodWithArray(ReflectionUtils.java:189)
	at org.apache.maven.surefire.booter.ProviderFactory$ProviderProxy.invoke(ProviderFactory.java:165)
	at org.apache.maven.surefire.booter.ProviderFactory.invokeProvider(ProviderFactory.java:85)
	at org.apache.maven.surefire.booter.ForkedBooter.runSuitesInProcess(ForkedBooter.java:115)
	at org.apache.maven.surefire.booter.ForkedBooter.main(ForkedBooter.java:75)
</pre></div></td>
<td>0</td>
<td>site.ycsb.generator.TestRandomDiscreteTimestampGenerator@e580929</td></tr>
<tr>
<td title='site.ycsb.workloads.TestTimeSeriesWorkload.twoThreads()'><b>twoThreads</b><br>Test class: site.ycsb.workloads.TestTimeSeriesWorkload</td>
<td></td>
<td>0</td>
<td>site.ycsb.workloads.TestTimeSeriesWorkload@1d251891</td></tr>
<tr>
<td title='site.ycsb.workloads.TestTimeSeriesWorkload.validateSettingsDataIntegrity()'><b>validateSettingsDataIntegrity</b><br>Test class: site.ycsb.workloads.TestTimeSeriesWorkload</td>
<td></td>
<td>0</td>
<td>site.ycsb.workloads.TestTimeSeriesWorkload@1d251891</td></tr>
<tr>
<td title='site.ycsb.generator.TestUnixEpochTimestampGenerator.variousIntervalsAndUnits()'><b>variousIntervalsAndUnits</b><br>Test class: site.ycsb.generator.TestUnixEpochTimestampGenerator</td>
<td></td>
<td>0</td>
<td>site.ycsb.generator.TestUnixEpochTimestampGenerator@1cd072a9</td></tr>
<tr>
<td title='site.ycsb.workloads.TestTimeSeriesWorkload.verifyRow()'><b>verifyRow</b><br>Test class: site.ycsb.workloads.TestTimeSeriesWorkload</td>
<td></td>
<td>0</td>
<td>site.ycsb.workloads.TestTimeSeriesWorkload@1d251891</td></tr>
<tr>
<td title='site.ycsb.generator.TestRandomDiscreteTimestampGenerator.withStartTime()'><b>withStartTime</b><br>Test class: site.ycsb.generator.TestRandomDiscreteTimestampGenerator</td>
<td></td>
<td>0</td>
<td>site.ycsb.generator.TestRandomDiscreteTimestampGenerator@e580929</td></tr>
</table><p>
</body>
</html>